  main.cpp
C:\Users\Dino\Desktop\Zavrsni\Ladavac_Dino\Menu.h(32,41): warning C4244: 'argument': conversion from 'double' to 'T', possible loss of data
          with
          [
              T=float
          ]
C:\Users\Dino\Desktop\Zavrsni\Ladavac_Dino\Menu.h(35,53): warning C4244: 'argument': conversion from 'double' to 'T', possible loss of data
          with
          [
              T=float
          ]
C:\Users\Dino\Desktop\Zavrsni\Ladavac_Dino\Menu.h(38,53): warning C4244: 'argument': conversion from 'double' to 'T', possible loss of data
          with
          [
              T=float
          ]
C:\Users\Dino\Desktop\Zavrsni\Ladavac_Dino\Meteor.h(24,1): warning C4305: 'argument': truncation from 'double' to 'float'
C:\Users\Dino\Desktop\Zavrsni\Ladavac_Dino\Meteor.h(25,24): warning C4244: 'argument': conversion from 'double' to 'float', possible loss of data
C:\Users\Dino\Desktop\Zavrsni\Ladavac_Dino\Meteor.h(26,24): warning C4244: 'argument': conversion from 'double' to 'float', possible loss of data
C:\Users\Dino\Desktop\Zavrsni\Ladavac_Dino\Meteor.h(36,15): warning C4244: 'argument': conversion from 'double' to 'float', possible loss of data
C:\Users\Dino\Desktop\Zavrsni\Ladavac_Dino\Meteor.h(37,15): warning C4244: 'argument': conversion from 'double' to 'float', possible loss of data
C:\Users\Dino\Desktop\Zavrsni\Ladavac_Dino\Meteor.h(39,24): warning C4244: 'argument': conversion from 'int' to 'float', possible loss of data
C:\Users\Dino\Desktop\Zavrsni\Ladavac_Dino\Meteor.h(41,24): warning C4244: 'argument': conversion from 'int' to 'float', possible loss of data
C:\Users\Dino\Desktop\Zavrsni\Ladavac_Dino\Raketa.h(73,17): warning C4244: 'argument': conversion from 'double' to 'float', possible loss of data
C:\Users\Dino\Desktop\Zavrsni\Ladavac_Dino\Raketa.h(74,17): warning C4244: 'argument': conversion from 'double' to 'float', possible loss of data
C:\Users\Dino\Desktop\Zavrsni\Ladavac_Dino\Raketa.h(78,17): warning C4244: 'argument': conversion from 'double' to 'float', possible loss of data
C:\Users\Dino\Desktop\Zavrsni\Ladavac_Dino\Raketa.h(79,17): warning C4244: 'argument': conversion from 'double' to 'float', possible loss of data
C:\Users\Dino\Desktop\Zavrsni\Ladavac_Dino\Raketa.h(90,24): warning C4244: 'argument': conversion from 'int' to 'float', possible loss of data
C:\Users\Dino\Desktop\Zavrsni\Ladavac_Dino\Raketa.h(92,24): warning C4244: 'argument': conversion from 'int' to 'float', possible loss of data
C:\Users\Dino\Desktop\Zavrsni\Ladavac_Dino\Metak.h(20,8): warning C4244: 'argument': conversion from 'int' to 'float', possible loss of data
C:\Users\Dino\Desktop\Zavrsni\Ladavac_Dino\Metak.h(21,8): warning C4244: 'argument': conversion from 'int' to 'float', possible loss of data
C:\Users\Dino\Desktop\Zavrsni\Ladavac_Dino\Metak.h(23,8): warning C4244: 'argument': conversion from 'int' to 'float', possible loss of data
C:\Users\Dino\Desktop\Zavrsni\Ladavac_Dino\Metak.h(33,39): warning C4244: 'argument': conversion from 'double' to 'float', possible loss of data
C:\Users\Dino\Desktop\Zavrsni\Ladavac_Dino\Metak.h(34,38): warning C4244: 'argument': conversion from 'double' to 'float', possible loss of data
C:\Users\Dino\Desktop\Zavrsni\Ladavac_Dino\GamePlay.h(74,21): warning C4018: '<': signed/unsigned mismatch
C:\Users\Dino\Desktop\Zavrsni\Ladavac_Dino\GamePlay.h(94,80): warning C4244: 'argument': conversion from 'double' to 'int', possible loss of data
C:\Users\Dino\Desktop\Zavrsni\Ladavac_Dino\GamePlay.h(94,58): warning C4244: 'argument': conversion from 'float' to 'int', possible loss of data
C:\Users\Dino\Desktop\Zavrsni\Ladavac_Dino\GamePlay.h(94,42): warning C4244: 'argument': conversion from 'float' to 'int', possible loss of data
C:\Users\Dino\Desktop\Zavrsni\Ladavac_Dino\GamePlay.h(110,22): warning C4018: '<': signed/unsigned mismatch
C:\Users\Dino\Desktop\Zavrsni\Ladavac_Dino\GamePlay.h(124,22): warning C4018: '<': signed/unsigned mismatch
C:\Users\Dino\Desktop\Zavrsni\Ladavac_Dino\GamePlay.h(126,23): warning C4018: '<': signed/unsigned mismatch
C:\Users\Dino\Desktop\Zavrsni\Ladavac_Dino\GamePlay.h(145,21): warning C4018: '<': signed/unsigned mismatch
C:\Users\Dino\Desktop\Zavrsni\Ladavac_Dino\GamePlay.h(169,63): warning C4244: 'argument': conversion from 'int' to 'float', possible loss of data
C:\Users\Dino\Desktop\Zavrsni\Ladavac_Dino\GamePlay.h(169,51): warning C4244: 'argument': conversion from 'int' to 'float', possible loss of data
C:\Users\Dino\Desktop\Zavrsni\Ladavac_Dino\GamePlay.h(169,39): warning C4244: 'argument': conversion from 'int' to 'float', possible loss of data
  Generating code
  Previous IPDB not found, fall back to full compilation.
  All 336 functions were compiled because no usable IPDB/IOBJ from previous compilation was found.
  Finished generating code
  MeteorShower.vcxproj -> C:\Users\Dino\Desktop\Zavrsni\Ladavac_Dino\Release\MeteorShower.exe
